#
# There is insufficient memory for the Java Runtime Environment to continue.
# Native memory allocation (mmap) failed to map 130023424 bytes for Failed to commit area from 0x0000000084600000 to 0x000000008c200000 of length 130023424.
# Possible reasons:
#   The system is out of physical RAM or swap space
#   The process is running with CompressedOops enabled, and the Java Heap may be blocking the growth of the native heap
# Possible solutions:
#   Reduce memory load on the system
#   Increase physical memory or swap space
#   Check if swap backing store is full
#   Decrease Java heap size (-Xmx/-Xms)
#   Decrease number of Java threads
#   Decrease Java thread stack sizes (-Xss)
#   Set larger code cache with -XX:ReservedCodeCacheSize=
#   JVM is running with Unscaled Compressed Oops mode in which the Java heap is
#     placed in the first 4GB address space. The Java Heap base address is the
#     maximum limit for the native heap growth. Please use -XX:HeapBaseMinAddress
#     to set the Java Heap base and to place the Java Heap above 4GB virtual address.
# This output file may be truncated or incomplete.
#
#  Out of Memory Error (./open/src/hotspot/os/windows/os_windows.cpp:3315), pid=12136, tid=7408
#
# JRE version:  (14.0.2+12) (build )
# Java VM: OpenJDK 64-Bit Server VM (14.0.2+12-46, mixed mode, sharing, tiered, compressed oops, g1 gc, windows-amd64)
# No core dump will be written. Minidumps are not enabled by default on client versions of Windows
#

---------------  S U M M A R Y ------------

Command Line: -ea -Didea.test.cyclic.buffer.size=1048576 -javaagent:C:\Users\makso\AppData\Local\JetBrains\Toolbox\apps\IDEA-U\ch-0\212.5284.40\lib\idea_rt.jar=56083:C:\Users\makso\AppData\Local\JetBrains\Toolbox\apps\IDEA-U\ch-0\212.5284.40\bin -Dfile.encoding=UTF-8 com.intellij.rt.junit.JUnitStarter -ideVersion5 -junit4 TestsA

Host: Intel(R) Core(TM) i5-10210U CPU @ 1.60GHz, 8 cores, 7G,  Windows 10 , 64 bit Build 19041 (10.0.19041.1202)
Time: Thu Oct  7 14:43:23 2021 RTZ 2 (зима) elapsed time: 0 seconds (0d 0h 0m 0s)

---------------  T H R E A D  ---------------

Current thread (0x000002144ef40000):  JavaThread "Unknown thread" [_thread_in_vm, id=7408, stack(0x000000e22a300000,0x000000e22a400000)]

Stack: [0x000000e22a300000,0x000000e22a400000]
Native frames: (J=compiled Java code, j=interpreted, Vv=VM code, C=native code)
V  [jvm.dll+0x5f8a9a]
V  [jvm.dll+0x74247a]
V  [jvm.dll+0x743c2f]
V  [jvm.dll+0x744273]
V  [jvm.dll+0x20d288]
V  [jvm.dll+0x5f5dea]
V  [jvm.dll+0x5eac45]
V  [jvm.dll+0x2c7e9c]
V  [jvm.dll+0x2c7cd2]
V  [jvm.dll+0x2cdbbc]
V  [jvm.dll+0x313fe8]
V  [jvm.dll+0x313710]
V  [jvm.dll+0x2a092a]
V  [jvm.dll+0x2a1a79]
V  [jvm.dll+0x71fd48]
V  [jvm.dll+0x321c14]
V  [jvm.dll+0x70112c]
V  [jvm.dll+0x392def]
V  [jvm.dll+0x394e61]
C  [jli.dll+0x524b]
C  [ucrtbase.dll+0x21bb2]
C  [KERNEL32.DLL+0x17034]
C  [ntdll.dll+0x52651]


---------------  P R O C E S S  ---------------

Threads class SMR info:
_java_thread_list=0x00007ffbea543038, length=0, elements={
}

Java Threads: ( => current thread )

Other Threads:
  0x000002144ef81000 GCTaskThread "GC Thread#0" [stack: 0x000000e22a400000,0x000000e22a500000] [id=9468]
  0x000002144ef92000 ConcurrentGCThread "G1 Main Marker" [stack: 0x000000e22a500000,0x000000e22a600000] [id=11568]
  0x000002144ef93000 ConcurrentGCThread "G1 Conc#0" [stack: 0x000000e22a600000,0x000000e22a700000] [id=9888]

[error occurred during error reporting (printing all threads), id 0xc0000005, EXCEPTION_ACCESS_VIOLATION (0xc0000005) at pc=0x00007ffbe9d71257]

VM state:not at safepoint (not fully initialized)

VM Mutex/Monitor currently owned by a thread:  ([mutex/lock_event])
[0x000002144ef3bc00] Heap_lock - owner thread: 0x000002144ef40000

Heap address: 0x0000000084600000, size: 1978 MB, Compressed Oops mode: 32-bit
Narrow klass base: 0x0000000000000000, Narrow klass shift: 0

GC Heap History (0 events):
No events

Deoptimization events (0 events):
No events

Classes unloaded (0 events):
No events

Classes redefined (0 events):
No events

Internal exceptions (0 events):
No events

Events (2 events):
Event: 0.020 Loaded shared library C:\Users\makso\.jdks\openjdk-14.0.2\bin\java.dll
Event: 0.020 Loaded shared library C:\Users\makso\.jdks\openjdk-14.0.2\bin\zip.dll


Dynamic libraries:
0x00007ff7b16f0000 - 0x00007ff7b16fd000 	C:\Users\makso\.jdks\openjdk-14.0.2\bin\java.exe
0x00007ffc2e150000 - 0x00007ffc2e345000 	C:\WINDOWS\SYSTEM32\ntdll.dll
0x00007ffc2dfb0000 - 0x00007ffc2e06e000 	C:\WINDOWS\System32\KERNEL32.DLL
0x00007ffc2b990000 - 0x00007ffc2bc59000 	C:\WINDOWS\System32\KERNELBASE.dll
0x00007ffc2bf40000 - 0x00007ffc2c040000 	C:\WINDOWS\System32\ucrtbase.dll
0x00007ffc25c80000 - 0x00007ffc25c98000 	C:\Users\makso\.jdks\openjdk-14.0.2\bin\jli.dll
0x00007ffc2dc20000 - 0x00007ffc2ddc1000 	C:\WINDOWS\System32\USER32.dll
0x00007ffc2b960000 - 0x00007ffc2b982000 	C:\WINDOWS\System32\win32u.dll
0x00007ffc2cd40000 - 0x00007ffc2cd6b000 	C:\WINDOWS\System32\GDI32.dll
0x00007ffc2bcb0000 - 0x00007ffc2bdbb000 	C:\WINDOWS\System32\gdi32full.dll
0x00007ffc2bea0000 - 0x00007ffc2bf3d000 	C:\WINDOWS\System32\msvcp_win.dll
0x00007ffc25c60000 - 0x00007ffc25c75000 	C:\Users\makso\.jdks\openjdk-14.0.2\bin\VCRUNTIME140.dll
0x00007ffc0e170000 - 0x00007ffc0e40a000 	C:\WINDOWS\WinSxS\amd64_microsoft.windows.common-controls_6595b64144ccf1df_6.0.19041.1110_none_60b5254171f9507e\COMCTL32.dll
0x00007ffc2e070000 - 0x00007ffc2e10e000 	C:\WINDOWS\System32\msvcrt.dll
0x00007ffc2de60000 - 0x00007ffc2de90000 	C:\WINDOWS\System32\IMM32.DLL
0x00007ffc107a0000 - 0x00007ffc1083b000 	C:\Users\makso\.jdks\openjdk-14.0.2\bin\msvcp140.dll
0x00007ffbe9ac0000 - 0x00007ffbea5de000 	C:\Users\makso\.jdks\openjdk-14.0.2\bin\server\jvm.dll
0x00007ffc2cc90000 - 0x00007ffc2cd3c000 	C:\WINDOWS\System32\ADVAPI32.dll
0x00007ffc2c9d0000 - 0x00007ffc2ca6b000 	C:\WINDOWS\System32\sechost.dll
0x00007ffc2ca90000 - 0x00007ffc2cbba000 	C:\WINDOWS\System32\RPCRT4.dll
0x00007ffc2db60000 - 0x00007ffc2db68000 	C:\WINDOWS\System32\PSAPI.DLL
0x00007ffc13920000 - 0x00007ffc13929000 	C:\WINDOWS\SYSTEM32\WSOCK32.dll
0x00007ffc2de90000 - 0x00007ffc2defb000 	C:\WINDOWS\System32\WS2_32.dll
0x00007ffc1eea0000 - 0x00007ffc1eec7000 	C:\WINDOWS\SYSTEM32\WINMM.dll
0x00007ffc21350000 - 0x00007ffc2135a000 	C:\WINDOWS\SYSTEM32\VERSION.dll
0x00007ffc2a0b0000 - 0x00007ffc2a0c2000 	C:\WINDOWS\SYSTEM32\kernel.appcore.dll
0x00007ffc25c30000 - 0x00007ffc25c3a000 	C:\Users\makso\.jdks\openjdk-14.0.2\bin\jimage.dll
0x00007ffc265e0000 - 0x00007ffc267c4000 	C:\WINDOWS\SYSTEM32\DBGHELP.DLL
0x00007ffc0fd40000 - 0x00007ffc0fd6c000 	C:\WINDOWS\SYSTEM32\dbgcore.DLL
0x00007ffc2b870000 - 0x00007ffc2b8f3000 	C:\WINDOWS\System32\bcryptPrimitives.dll
0x00007ffc25c20000 - 0x00007ffc25c2e000 	C:\Users\makso\.jdks\openjdk-14.0.2\bin\instrument.dll
0x00007ffc23e50000 - 0x00007ffc23e75000 	C:\Users\makso\.jdks\openjdk-14.0.2\bin\java.dll
0x00007ffc23e30000 - 0x00007ffc23e46000 	C:\Users\makso\.jdks\openjdk-14.0.2\bin\zip.dll

dbghelp: loaded successfully - version: 4.0.5 - missing functions: none
symbol engine: initialized successfully - sym options: 0x614 - pdb path: .;C:\Users\makso\.jdks\openjdk-14.0.2\bin;C:\WINDOWS\SYSTEM32;C:\WINDOWS\WinSxS\amd64_microsoft.windows.common-controls_6595b64144ccf1df_6.0.19041.1110_none_60b5254171f9507e;C:\Users\makso\.jdks\openjdk-14.0.2\bin\server

VM Arguments:
jvm_args: -ea -Didea.test.cyclic.buffer.size=1048576 -javaagent:C:\Users\makso\AppData\Local\JetBrains\Toolbox\apps\IDEA-U\ch-0\212.5284.40\lib\idea_rt.jar=56083:C:\Users\makso\AppData\Local\JetBrains\Toolbox\apps\IDEA-U\ch-0\212.5284.40\bin -Dfile.encoding=UTF-8 
java_command: com.intellij.rt.junit.JUnitStarter -ideVersion5 -junit4 TestsA
java_class_path (initial): C:\Users\makso\AppData\Local\JetBrains\Toolbox\apps\IDEA-U\ch-0\212.5284.40\lib\idea_rt.jar;C:\Users\makso\AppData\Local\JetBrains\Toolbox\apps\IDEA-U\ch-0\212.5284.40\plugins\junit\lib\junit5-rt.jar;C:\Users\makso\AppData\Local\JetBrains\Toolbox\apps\IDEA-U\ch-0\212.5284.40\plugins\junit\lib\junit-rt.jar;C:\Projects\Web\hm3\wp3\target\test-classes;C:\Projects\Web\hm3\wp3\target\classes;C:\Users\makso\.m2\repository\javax\servlet\javax.servlet-api\4.0.1\javax.servlet-api-4.0.1.jar;C:\Users\makso\.m2\repository\junit\junit\4.12\junit-4.12.jar;C:\Users\makso\.m2\repository\org\hamcrest\hamcrest-core\1.3\hamcrest-core-1.3.jar;C:\Users\makso\.m2\repository\com\github\mjeanroy\junit-servers-tomcat\0.11.0\junit-servers-tomcat-0.11.0.jar;C:\Users\makso\.m2\repository\com\github\mjeanroy\junit-servers-core\0.11.0\junit-servers-core-0.11.0.jar;C:\Users\makso\.m2\repository\org\apache\tomcat\embed\tomcat-embed-core\8.5.32\tomcat-embed-core-8.5.32.jar;C:\Users\makso\.m2\repository\org\apache\tomcat\tomcat-annotations-api\8.5.32\tomcat-annotations-api-8.5.32.jar;C:\Users\makso\.m2\repository\org\apache\tomcat\embed\tomcat-embed-jasper\8.5.32\tomcat-embed-jasper-8.5.32.jar;C:\Users\makso\.m2\repository\org\apache\tomcat\embed\tomcat-embed-el\8.5.32\tomcat-embed-el-8.5.32.jar;C:\Users\makso\.m2\repository\org\eclipse\jdt\ecj\3.12.3\ecj-3.12.3.jar;C:\Users\makso\.m2\repository\org\apache\tomcat\tomcat-jasper\8.5.32\tomcat-jasper-8.5.32.jar;C:\Users\makso\.m2\repository\org\apache\tomcat\tomcat-servlet-api\8.5.32\tomcat-servlet-api-8.5.32.jar;C:\Users\makso\.m2\repository\org\apache\tomcat\tomcat-juli\8.5.32\tomcat-juli-8.5.32.jar;C:\Users\makso\.m2\repository\org\apache\tomcat\tomcat-el-api\8.5.32\tomcat-el-api-8.5.32.jar;C:\Users\makso\.m2\repository\org\apache\tomcat\tomcat-api\8.5.32\tomcat-api-8.5.32.jar;C:\Users\makso\.m2\repository\org\apache\tomcat\tomcat-util-scan\8.5.32\tomcat-util-scan-8.5.32.jar;C:\Users\makso\.m2\repository\org\apache\tomca
Launcher Type: SUN_STANDARD

[Global flags]
     intx CICompilerCount                          = 4                                         {product} {ergonomic}
     uint ConcGCThreads                            = 2                                         {product} {ergonomic}
     uint G1ConcRefinementThreads                  = 8                                         {product} {ergonomic}
   size_t G1HeapRegionSize                         = 1048576                                   {product} {ergonomic}
    uintx GCDrainStackTargetSize                   = 64                                        {product} {ergonomic}
   size_t InitialHeapSize                          = 130023424                                 {product} {ergonomic}
   size_t MarkStackSize                            = 4194304                                   {product} {ergonomic}
   size_t MaxHeapSize                              = 2074083328                                {product} {ergonomic}
   size_t MinHeapDeltaBytes                        = 1048576                                   {product} {ergonomic}
   size_t MinHeapSize                              = 8388608                                   {product} {ergonomic}
    uintx NonNMethodCodeHeapSize                   = 5839372                                {pd product} {ergonomic}
    uintx NonProfiledCodeHeapSize                  = 122909434                              {pd product} {ergonomic}
    uintx ProfiledCodeHeapSize                     = 122909434                              {pd product} {ergonomic}
    uintx ReservedCodeCacheSize                    = 251658240                              {pd product} {ergonomic}
     bool SegmentedCodeCache                       = true                                      {product} {ergonomic}
   size_t SoftMaxHeapSize                          = 2074083328                             {manageable} {ergonomic}
     bool UseCompressedClassPointers               = true                                 {lp64_product} {ergonomic}
     bool UseCompressedOops                        = true                                 {lp64_product} {ergonomic}
     bool UseG1GC                                  = true                                      {product} {ergonomic}
     bool UseLargePagesIndividualAllocation        = false                                  {pd product} {ergonomic}

Logging:
Log output configuration:
 #0: stdout all=warning uptime,level,tags
 #1: stderr all=off uptime,level,tags

Environment Variables:
PATH=C:\Python39\Scripts\;C:\Python39\;C:\Program Files\AdoptOpenJDK\jdk-11.0.8.10-hotspot\bin;C:\Program Files (x86)\Common Files\Oracle\Java\javapath;C:\Windows\system32;C:\Windows;C:\Windows\System32\Wbem;C:\Windows\System32\WindowsPowerShell\v1.0\;C:\Windows\System32\OpenSSH\;C:\Program Files (x86)\NVIDIA Corporation\PhysX\Common;C:\MinGW\bin;C:\WINDOWS\system32;C:\WINDOWS;C:\WINDOWS\System32\Wbem;C:\WINDOWS\System32\WindowsPowerShell\v1.0\;C:\WINDOWS\System32\OpenSSH\;C:\Program Files\Docker\Docker\resources\bin;C:\ProgramData\DockerDesktop\version-bin;C:\Program Files\nodejs\;C:\ProgramData\chocolatey\bin;C:\ProgramData\pbox;C:\Programs\msys\usr\bin;C:\Program Files\Git\cmd;C:\Programs\maven3\bin;C:\Programs\maven2\bin;C:\Users\makso\AppData\Local\Microsoft\WindowsApps;C:\Users\makso\AppData\Roaming\npm
USERNAME=Artem Maksonov
OS=Windows_NT
PROCESSOR_IDENTIFIER=Intel64 Family 6 Model 142 Stepping 12, GenuineIntel



---------------  S Y S T E M  ---------------

OS: Windows 10 , 64 bit Build 19041 (10.0.19041.1202)
OS uptime: 0 days 18:39 hours
HyperV virtualization detected

CPU:total 8 (initial active 8) (4 cores per cpu, 2 threads per core) family 6 model 142 stepping 12, cmov, cx8, fxsr, mmx, sse, sse2, sse3, ssse3, sse4.1, sse4.2, popcnt, avx, avx2, aes, clmul, erms, 3dnowpref, lzcnt, ht, tsc, tscinvbit, bmi1, bmi2, adx, fma

Memory: 4k page, system-wide physical 7908M (609M free)
TotalPageFile size 10969M (AvailPageFile size 65M)
current process WorkingSet (physical memory assigned to process): 10M, peak: 10M
current process commit charge ("private bytes"): 60M, peak: 184M

vm_info: OpenJDK 64-Bit Server VM (14.0.2+12-46) for windows-amd64 JRE (14.0.2+12-46), built on Jul  9 2020 00:31:16 by "mach5one" with MS VC++ 15.9 (VS2017)

END.
